<?xml version="1.0" encoding="UTF-8"?>
<!-- Generated by org.testng.reporters.JUnitXMLReporter -->
<testsuite ignored="1" hostname="cubet-Lenovo" failures="0" tests="3" name="Test" time="87.301" errors="0" timestamp="2024-07-18T18:48:51 IST">
  <testcase classname="blooms.Tests.Administration" name="AddPatient" time="15.453"/>
  <testcase classname="blooms.Tests.Administration" name="doctorAddition" time="18.953"/>
  <testcase classname="blooms.Tests.Administration" name="nurseAddition" time="24.165"/>
  <testcase classname="blooms.TestComponents.BaseTest" name="@BeforeTest config" time="0.0">
    <ignored/>
  </testcase> <!-- @BeforeTest config -->
</testsuite> <!-- Test -->
