<?xml version="1.0" encoding="UTF-8"?>
<testng-results ignored="0" total="1" passed="1" failed="0" skipped="0">
  <reporter-output>
  </reporter-output>
  <suite started-at="2024-07-29T15:20:16 IST" name="Blooms Test Suite" finished-at="2024-07-29T15:22:22 IST" duration-ms="125936">
    <groups>
    </groups>
    <test started-at="2024-07-29T15:20:16 IST" name="Regression Test" finished-at="2024-07-29T15:22:22 IST" duration-ms="125936">
      <class name="blooms.Tests.Administration">
        <test-method is-config="true" signature="config()[pri:0, instance:blooms.Tests.Administration@f2f2cc1]" started-at="2024-07-29T15:20:16 IST" name="config" finished-at="2024-07-29T15:20:16 IST" duration-ms="136" status="PASS">
          <reporter-output>
          </reporter-output>
        </test-method> <!-- config -->
        <test-method is-config="true" signature="launchApplication()[pri:0, instance:blooms.Tests.Administration@f2f2cc1]" started-at="2024-07-29T15:20:16 IST" name="launchApplication" finished-at="2024-07-29T15:22:06 IST" duration-ms="109439" status="PASS">
          <reporter-output>
          </reporter-output>
        </test-method> <!-- launchApplication -->
        <test-method signature="webAddDocotr()[pri:0, instance:blooms.Tests.Administration@f2f2cc1]" started-at="2024-07-29T15:22:06 IST" name="webAddDocotr" finished-at="2024-07-29T15:22:22 IST" duration-ms="16291" status="PASS">
          <reporter-output>
          </reporter-output>
        </test-method> <!-- webAddDocotr -->
        <test-method is-config="true" signature="tearDown()[pri:0, instance:blooms.Tests.Administration@f2f2cc1]" started-at="2024-07-29T15:22:22 IST" name="tearDown" finished-at="2024-07-29T15:22:22 IST" duration-ms="56" status="PASS">
          <reporter-output>
          </reporter-output>
        </test-method> <!-- tearDown -->
      </class> <!-- blooms.Tests.Administration -->
    </test> <!-- Regression Test -->
  </suite> <!-- Blooms Test Suite -->
</testng-results>
