<?xml version="1.0" encoding="UTF-8"?>
<!-- Generated by org.testng.reporters.JUnitXMLReporter -->
<testsuite ignored="3" hostname="cubet-Lenovo" failures="0" tests="18" name="Regression Test" time="559.174" errors="0" timestamp="2024-09-13T11:49:48 IST">
  <testcase classname="blooms.Tests.Administration" name="searchWithInvalidKeyword" time="8.898"/>
  <testcase classname="blooms.Tests.Administration" name="webAddDoctor" time="20.141"/>
  <testcase classname="blooms.Tests.Administration" name="webAddNurse" time="21.857"/>
  <testcase classname="blooms.Tests.Administration" name="webAddPatient" time="16.776"/>
  <testcase classname="blooms.Tests.Administration" name="webSearchUser" time="10.1"/>
  <testcase classname="blooms.Tests.Administration" name="webeEditUser" time="13.301"/>
  <testcase classname="blooms.Tests.Clinics" name="webdClinicAddition" time="19.417"/>
  <testcase classname="blooms.Tests.Clinics" name="webdeleteClinic" time="14.744"/>
  <testcase classname="blooms.Tests.Clinics" name="webeditClinic" time="19.214"/>
  <testcase classname="blooms.Tests.Clinics" name="webpaginationCheck" time="32.74"/>
  <testcase classname="blooms.Tests.Clinics" name="websearchClinic" time="14.445"/>
  <testcase classname="blooms.Tests.PatientList" name="swapthePages" time="20.18"/>
  <testcase classname="blooms.Tests.PatientList" name="webReferMyPatient" time="22.849"/>
  <testcase classname="blooms.Tests.Pharmacies" name="AddPharmacy" time="23.417"/>
  <testcase classname="blooms.Tests.Pharmacies" name="existingMailCheck" time="25.295"/>
  <testcase classname="blooms.Tests.Pharmacies" name="invalidEmailAlert" time="23.491"/>
  <testcase classname="blooms.Tests.Pharmacies" name="invalidPhoneAlert" time="23.414"/>
  <testcase classname="blooms.Tests.Pharmacies" name="searchPharmacy" time="15.452"/>
  <testcase classname="blooms.TestComponents.BaseTest" name="@BeforeTest config" time="0.0">
    <ignored/>
  </testcase> <!-- @BeforeTest config -->
  <testcase classname="blooms.TestComponents.BaseTest" name="@BeforeTest config" time="0.0">
    <ignored/>
  </testcase> <!-- @BeforeTest config -->
  <testcase classname="blooms.TestComponents.BaseTest" name="@BeforeTest config" time="0.0">
    <ignored/>
  </testcase> <!-- @BeforeTest config -->
</testsuite> <!-- Regression Test -->
